Arguments: 
  /home/tatendazw/.nvm/versions/node/v17.8.0/bin/node /usr/bin/yarn add --dev hardhat @nomiclabs/hardhat-waffle ethereum-waffle chai @nomiclabs-ethers ethers

PATH: 
  /home/tatendazw/.nvm/versions/node/v17.8.0/bin:/home/tatendazw/.local/bin:/usr/local/sbin:/usr/local/bin:/usr/sbin:/usr/bin:/sbin:/bin:/usr/games:/usr/local/games:/snap/bin

Yarn version: 
  1.22.10

Node version: 
  17.8.0

Platform: 
  linux x64

Trace: 
  Error: https://registry.yarnpkg.com/@nomiclabs-ethers: Request "https://registry.yarnpkg.com/@nomiclabs-ethers" returned a 405
      at Request.params.callback [as _callback] (/usr/lib/node_modules/yarn/lib/cli.js:66997:18)
      at Request.self.callback (/usr/lib/node_modules/yarn/lib/cli.js:140662:22)
      at Request.emit (node:events:527:28)
      at Request.<anonymous> (/usr/lib/node_modules/yarn/lib/cli.js:141634:10)
      at Request.emit (node:events:527:28)
      at IncomingMessage.<anonymous> (/usr/lib/node_modules/yarn/lib/cli.js:141556:12)
      at Object.onceWrapper (node:events:641:28)
      at IncomingMessage.emit (node:events:539:35)
      at endReadableNT (node:internal/streams/readable:1345:12)
      at processTicksAndRejections (node:internal/process/task_queues:83:21)

npm manifest: 
  {
    "name": "smart_contract",
    "version": "1.0.0",
    "description": "",
    "main": "index.js",
    "scripts": {
      "test": "echo \"Error: no test specified\" && exit 1"
    },
    "keywords": [],
    "author": "",
    "license": "ISC"
  }

yarn manifest: 
  No manifest

Lockfile: 
  No lockfile
